importing the modules. 24-8-17 2:30:46
Finished importing the AdvancedLoggerModule 24-8-17 2:30:46
Finished importing O364Email module. 24-8-17 2:30:46
Finished importing MSOnline module. 24-8-17 2:30:46
Finished importing the Active Directory module. 24-8-17 2:30:46
Connecting to Office365. 24-8-17 2:30:46
Finished connecting to Office365. 24-8-17 2:31:0
Creating the licence file. 24-8-17 2:31:0
Finished. 24-8-17 2:31:0
Importing .\Users.csv 24-8-17 2:31:0
Creating the user[Username]. 24-8-17 2:31:0
Finished creating the user [Username]. 24-8-17 2:31:0
Finished importing all the users. 24-8-17 2:31:0
Editing the attributes for user . 24-8-17 2:31:0
Finished editing the attributes for . 24-8-17 2:31:0
Creating the security permissions for . 24-8-17 2:31:0
Finished creating the security permissions for . 24-8-17 2:31:0
Settng proxy addresses for . 24-8-17 2:31:0
Finished setting proxy addresses for . 24-8-17 2:31:0
Adding the user security groups to user . 24-8-17 2:31:0
Finished adding the security groups for user . 24-8-17 2:31:0
Running Delta Sync. 24-8-17 2:31:0
Finished running Delta Sync. 24-8-17 2:32:1
Creating the License file for Ofice365 for user . 24-8-17 2:32:1
Finished creating the office365 license file for . 24-8-17 2:32:1
Adding the Office 365 licences for . 24-8-17 2:32:1
Finished adding the office365 licences for . 24-8-17 2:32:10
Setting the mailbox for user . 24-8-17 2:32:10
Finished setting up the mailbox for the user . 24-8-17 2:32:11
Storing  for emailing at the end of the program. 24-8-17 2:32:11
Finished storing the user details for 17abernethyj. 24-8-17 2:32:11
------------------------------------------------------------------------------------------------------------ 24-8-17 2:32:11
Creating the user [Username]. 24-8-17 2:32:11
Finished creating the user [Username]. 24-8-17 2:32:11
Finished importing all the users. 24-8-17 2:32:11
Editing the attributes for user . 24-8-17 2:32:11
Finished editing the attributes for . 24-8-17 2:32:11
Creating the security permissions for . 24-8-17 2:32:11
Finished creating the security permissions for . 24-8-17 2:32:11
Settng proxy addresses for . 24-8-17 2:32:11
Finished setting proxy addresses for . 24-8-17 2:32:11
Adding the user security groups to user . 24-8-17 2:32:11
Finished adding the security groups for user . 24-8-17 2:32:11
Running Delta Sync. 24-8-17 2:32:11
Finished running Delta Sync. 24-8-17 2:33:12
Creating the License file for Ofice365 for user . 24-8-17 2:33:12
Finished creating the office365 license file for . 24-8-17 2:33:12
Adding the Office 365 licences for . 24-8-17 2:33:12
Finished adding the office365 licences for . 24-8-17 2:33:31
Setting the mailbox for user . 24-8-17 2:33:31
Finished setting up the mailbox for the user . 24-8-17 2:33:35
Storing  for emailing at the end of the program. 24-8-17 2:33:35
Finished storing the user details for [Username]. 24-8-17 2:33:35
------------------------------------------------------------------------------------------------------------ 24-8-17 2:33:35
